<?xml version="1.0" encoding="UTF-8"?>
<!-- Generated by org.testng.reporters.JUnitReportReporter -->
<testsuite hostname="LAPTOP-7NMLF4V4" failures="0" tests="6" name="com.homedemoqa.tests.NestedFramesTests" time="21.619" errors="0" timestamp="2024-07-04T21:02:10 MESZ" skipped="0">
  <testcase classname="com.homedemoqa.tests.NestedFramesTests" name="switchToNestedLeftIframeTest" time="3.365"/>
  <testcase classname="com.homedemoqa.tests.NestedFramesTests" name="switchToIframeByElementTest" time="3.750"/>
  <testcase classname="com.homedemoqa.tests.NestedFramesTests" name="framesTest" time="3.638"/>
  <testcase classname="com.homedemoqa.tests.NestedFramesTests" name="switchToNestedMiddleIframeTest" time="3.686"/>
  <testcase classname="com.homedemoqa.tests.NestedFramesTests" name="switchToIframeByIndexTest" time="3.672"/>
  <testcase classname="com.homedemoqa.tests.NestedFramesTests" name="switchToNestedRightIframeTest" time="3.508"/>
</testsuite> <!-- com.homedemoqa.tests.NestedFramesTests -->
