<?xml version="1.0" encoding="UTF-8"?>
<!-- Generated by org.testng.reporters.JUnitReportReporter -->
<testsuite hostname="LAPTOP-7NMLF4V4" failures="0" tests="2" name="com.homedemoqa.tests.HorizontalSliderTest" time="7.305" errors="0" timestamp="2024-07-04T21:02:10 MESZ" skipped="0">
  <testcase classname="com.homedemoqa.tests.HorizontalSliderTest" name="moveHorizontSliderWith" time="3.660"/>
  <testcase classname="com.homedemoqa.tests.HorizontalSliderTest" name="moveHorizontSlider" time="3.645"/>
</testsuite> <!-- com.homedemoqa.tests.HorizontalSliderTest -->
