<?xml version="1.0" encoding="UTF-8"?>
<!-- Generated by org.testng.reporters.JUnitReportReporter -->
<testsuite hostname="LAPTOP-7NMLF4V4" failures="0" tests="1" name="com.homedemoqa.tests.ExitIntentTest" time="4.683" errors="0" timestamp="2024-07-04T21:02:10 MESZ" skipped="0">
  <testcase classname="com.homedemoqa.tests.ExitIntentTest" name="exitInternTest" time="4.683"/>
</testsuite> <!-- com.homedemoqa.tests.ExitIntentTest -->
