<?xml version="1.0" encoding="UTF-8"?>
<!-- Generated by org.testng.reporters.JUnitReportReporter -->
<testsuite hostname="LAPTOP-7NMLF4V4" failures="0" tests="1" name="com.homedemoqa.tests.ContextMenuTest" time="3.608" errors="0" timestamp="2024-07-04T21:02:10 MESZ" skipped="0">
  <testcase classname="com.homedemoqa.tests.ContextMenuTest" name="contextMenuTest" time="3.608"/>
</testsuite> <!-- com.homedemoqa.tests.ContextMenuTest -->
