<?xml version="1.0" encoding="UTF-8"?>
<!-- Generated by org.testng.reporters.JUnitReportReporter -->
<testsuite hostname="LAPTOP-7NMLF4V4" failures="0" tests="3" name="com.homedemoqa.tests.HoversTest" time="11.828" errors="0" timestamp="2024-07-04T21:02:10 MESZ" skipped="0">
  <testcase classname="com.homedemoqa.tests.HoversTest" name="SelectSubMenuUser2" time="4.544"/>
  <testcase classname="com.homedemoqa.tests.HoversTest" name="SelectSubMenuUser1" time="3.680"/>
  <testcase classname="com.homedemoqa.tests.HoversTest" name="SelectSubMenuUser3" time="3.604"/>
</testsuite> <!-- com.homedemoqa.tests.HoversTest -->
