<?xml version="1.0" encoding="UTF-8"?>
<!-- Generated by org.testng.reporters.JUnitReportReporter -->
<testsuite hostname="LAPTOP-7NMLF4V4" failures="0" tests="1" name="com.homedemoqa.tests.DragAndDropTest" time="3.604" errors="0" timestamp="2024-07-04T21:02:10 MESZ" skipped="0">
  <testcase classname="com.homedemoqa.tests.DragAndDropTest" name="DragAndDropTest" time="3.604"/>
</testsuite> <!-- com.homedemoqa.tests.DragAndDropTest -->
